2016-04-26 12:38:33,360 INFO main iplatform.batch.ModelRunner - running in batch mode using batch configuration template path: /home/balrog/repos/CloudSim/bin/batch/configurationTemplate-[cr0.0].txt file name: configurationTemplate-[cr0.0].txt
2016-04-26 12:38:33,364 INFO main iplatform.batch.ModelRunner - running in batch mode using tool configuration template: /home/balrog/repos/CloudSim/bin/configuration.txt
2016-04-26 12:38:33,365 INFO main iplatform.batch.ModelRunner - running in batch mode using data folder name for single simulation run: DefaultModelConfigurationTemplate
2016-04-26 12:38:33,365 INFO main iplatform.batch.ModelRunner - running in batch mode using data folder path for single simulation run: /home/balrog/repos/CloudSim/bin/batch/configurationTemplate-[cr0.0].txt
2016-04-26 12:38:33,368 INFO main iplatform.batch.ModelRunner - reading file from location: /home/balrog/repos/CloudSim/bin/configuration.txt
2016-04-26 12:38:33,371 INFO main iplatform.batch.ModelRunner - /* operation mode: 0 - normal, 1 - batch, 2 - replay, 3-service */{  "operationMode": 1,  "showGUI": false,  "heapSize": 2024,  "batchFolderLocation": "/home/balrog/repos/CloudSim/bin/batch",  "resultsFolderLocation": "/home/balrog/repos/CloudSim/bin/results",  "bootstrapDataFolderLocation": "/home/balrog/repos/CloudSim/bin/bootstrap",  "modelClassToInstantiate": "cs.ModelInterface",  "modelConfigurationClassToInstantiate": "cs.config.ModelConfiguration"}
2016-04-26 12:38:33,496 INFO main iplatform.batch.ModelRunner - read model configuration: operation mode: 1 heap size: 2024
2016-04-26 12:38:33,497 INFO main iplatform.batch.ModelRunner - Starting Simulation...
2016-04-26 12:38:33,497 INFO main iplatform.batch.ModelRunner - initialising model...
2016-04-26 12:38:33,498 INFO main iplatform.batch.ModelRunner - reading file from location: /home/balrog/repos/CloudSim/bin/configuration.txt
2016-04-26 12:38:33,499 INFO main iplatform.batch.ModelRunner - /* operation mode: 0 - normal, 1 - batch, 2 - replay, 3-service */{  "operationMode": 1,  "showGUI": false,  "heapSize": 2024,  "batchFolderLocation": "/home/balrog/repos/CloudSim/bin/batch",  "resultsFolderLocation": "/home/balrog/repos/CloudSim/bin/results",  "bootstrapDataFolderLocation": "/home/balrog/repos/CloudSim/bin/bootstrap",  "modelClassToInstantiate": "cs.ModelInterface",  "modelConfigurationClassToInstantiate": "cs.config.ModelConfiguration"}
2016-04-26 12:38:33,501 INFO main iplatform.batch.ModelRunner - read model configuration: operation mode: 1 heap size: 2024
2016-04-26 12:38:33,503 INFO main iplatform.batch.ModelRunner - reading file from location: /home/balrog/repos/CloudSim/bin/configuration.txt
2016-04-26 12:38:33,504 INFO main iplatform.batch.ModelRunner - /* operation mode: 0 - normal, 1 - batch, 2 - replay, 3-service */{  "operationMode": 1,  "showGUI": false,  "heapSize": 2024,  "batchFolderLocation": "/home/balrog/repos/CloudSim/bin/batch",  "resultsFolderLocation": "/home/balrog/repos/CloudSim/bin/results",  "bootstrapDataFolderLocation": "/home/balrog/repos/CloudSim/bin/bootstrap",  "modelClassToInstantiate": "cs.ModelInterface",  "modelConfigurationClassToInstantiate": "cs.config.ModelConfiguration"}
2016-04-26 12:38:33,507 INFO main iplatform.batch.ModelRunner - read model configuration: operation mode: 1 heap size: 2024
2016-04-26 12:38:33,512 INFO main iplatform.batch.ModelRunner - model configuration template recreated from text configuration file, template name: Default Model Configuration Template
2016-04-26 12:38:33,514 INFO main iplatform.batch.ModelRunner - instantiating model with a given class name: cs.ModelInterface
2016-04-26 12:38:33,518 INFO main iplatform.batch.ModelRunner - succcessfully loaded model configuration: Default Model Configuration Template
2016-04-26 12:38:33,519 INFO main iplatform.batch.ModelRunner - successfully set simulation clock...
2016-04-26 12:38:33,522 INFO main iplatform.batch.ModelRunner - successfully loaded simulation events...
2016-04-26 12:38:33,522 INFO main iplatform.batch.ModelRunner - initialised model in batch mode...
2016-04-26 12:38:33,522 INFO Thread-1 iplatform.batch.ModelRunner - ---> start simulation event triggered by simplatform clock...
2016-04-26 12:38:33,527 INFO Thread-1 cs.dataexport.DataExport - successfully initialised data export...
2016-04-26 12:38:33,529 INFO Thread-1 cs.dataexport.DataExport - >> ModelRunner class execution path is: /home/balrog/repos/CloudSim
2016-04-26 12:38:33,531 INFO Thread-1 cs.dataexport.DataExport - >> bin dir path is: /home/balrog/repos/CloudSim/bin
2016-04-26 12:38:33,532 INFO Thread-1 cs.dataexport.DataExport - >> ModelRunner class execution path is: /home/balrog/repos/CloudSim
2016-04-26 12:38:33,534 INFO Thread-1 cs.dataexport.DataExport - >> bin dir path is: /home/balrog/repos/CloudSim/bin
2016-04-26 12:38:33,534 INFO Thread-1 cs.dataexport.DataExport - ===> creating performance log fil2016-04-26 12:38:37,036 INFO main iplatform.batch.ModelRunner - ExitValue: 0
2016-04-26 12:38:37,042 INFO main iplatform.batch.ModelRunner - all simulations have completed, exiting simplatform...
ap manager...
2016-04-26 12:38:33,539 INFO Thread-1 iplatform.batch.ModelRunner - running simulation in batch mode...
2016-04-26 12:38:33,539 INFO Thread-1 cs.bootstrap.BootstrapManager - creating consumers for short jobs: 1
2016-04-26 12:38:33,542 INFO Thread-1 cs.bootstrap.BootstrapManager - creating consumers for long jobs: 2
2016-04-26 12:38:33,544 INFO Thread-1 cs.bootstrap.BootstrapManager - creating providers: 1
2016-04-26 12:38:33,668 INFO Thread-1 iplatform.batch.ModelRunner - ---> minute event triggered by simplatform clock: currentTickNumber: 600 tickTimeDuration: 100
2016-04-26 12:38:33,669 INFO Thread-1 cs.entities.stats.PerformanceMonitor - Generating MonitEvent, currentTickNumber: 600 tickTimeDuration: 100
2016-04-26 12:38:33,723 INFO Thread-1 iplatform.batch.ModelRunner - ---> minute event triggered by simplatform clock: currentTickNumber: 1200 tickTimeDuration: 100
2016-04-26 12:38:33,724 INFO Thread-1 cs.entities.stats.PerformanceMonitor - Generating MonitEvent, currentTickNumber: 1200 tickTimeDuration: 100
2016-04-26 12:38:33,788 INFO Thread-1 iplatform.batch.ModelRunner - ---> minute event triggered by simplatform clock: currentTickNumber: 1800 tickTimeDuration: 100
2016-04-26 12:38:33,789 INFO Thread-1 cs.entities.stats.PerformanceMonitor - Generating MonitEvent, currentTickNumber: 1800 tickTimeDuration: 100
2016-04-26 12:38:33,834 INFO Thread-1 iplatform.batch.ModelRunner - ---> minute event triggered by simplatform clock: currentTickNumber: 2400 tickTimeDuration: 100
2016-04-26 12:38:33,834 INFO Thread-1 cs.entities.stats.PerformanceMonitor - Generating MonitEvent, currentTickNumber: 2400 tickTimeDuration: 100
2016-04-26 12:38:33,874 INFO Thread-1 iplatform.batch.ModelRunner - ---> minute event triggered by simplatform clock: currentTickNumber: 3000 tickTimeDuration: 100
2016-04-26 12:38:33,874 INFO Thread-1 cs.entities.stats.PerformanceMonitor - Generating MonitEvent, currentTickNumber: 3000 tickTimeDuration: 100
2016-04-26 12:38:33,909 INFO Thread-1 iplatform.batch.ModelRunner - ---> minute event triggered by simplatform clock: currentTickNumber: 3600 tickTimeDuration: 100
2016-04-26 12:38:33,910 INFO Thread-1 cs.entities.stats.PerformanceMonitor - Generating MonitEvent, currentTickNumber: 3600 tickTimeDuration: 100
2016-04-26 12:38:33,945 INFO Thread-1 iplatform.batch.ModelRunner - ---> minute event triggered by simplatform clock: currentTickNumber: 4200 tickTimeDuration: 100
2016-04-26 12:38:33,945 INFO Thread-1 cs.entities.stats.PerformanceMonitor - Generating MonitEvent, currentTickNumber: 4200 tickTimeDuration: 100
2016-04-26 12:38:33,984 INFO Thread-1 iplatform.batch.ModelRunner - ---> minute event triggered by simplatform clock: currentTickNumber: 4800 tickTimeDuration: 100
2016-04-26 12:38:33,985 INFO Thread-1 cs.entities.stats.PerformanceMonitor - Generating MonitEvent, currentTickNumber: 4800 tickTimeDuration: 100
2016-04-26 12:38:34,037 INFO Thread-1 iplatform.batch.ModelRunner - ---> minute event triggered by simplatform clock: currentTickNumber: 5400 tickTimeDuration: 100
2016-04-26 12:38:34,038 INFO Thread-1 cs.entities.stats.PerformanceMonitor - Generating MonitEvent, currentTickNumber: 5400 tickTimeDuration: 100
2016-04-26 12:38:34,084 INFO Thread-1 iplatform.batch.ModelRunner - ---> minute event triggered by simplatform clock: currentTickNumber: 6000 tickTimeDuration: 100
2016-04-26 12:38:34,085 INFO Thread-1 cs.entities.stats.PerformanceMonitor - Generating MonitEvent, currentTickNumber: 6000 tickTimeDuration: 100
2016-04-26 12:38:34,116 INFO Thread-1 iplatform.batch.ModelRunner - ---> minute event triggered by simplatform clock: currentTickNumber: 6600 tickTimeDuration: 100
2016-04-26 12:38:34,117 INFO Thread-1 cs.entities.stats.PerformanceMonitor - Generating MonitEvent, currentTickNumber: 6600 tickTimeDuration: 100
2016-04-26 12:38:34,154 INFO Thread-1 iplatform.batch.ModelRunner - ---> minute event triggered by simplatform clock: currentTickNumber: 7200 tickTimeDuration: 100
2016-04-26 12:38:34,154 INFO Thread-1 cs.entities.stats.PerformanceMonitor - Generating MonitEvent, currentTickNumber: 7200 tickTimeDuration: 100
2016-04-26 12:38:34,202 INFO Thread-1 iplatform.batch.ModelRunner - ---> minute event triggered by simplatform clock: currentTickNumber: 7800 tickTimeDuration: 100
2016-04-26 12:38:34,203 INFO Thread-1 cs.entities.stats.PerformanceMonitor - Generating MonitEvent, currentTickNumber: 7800 tickTimeDuration: 100
2016-04-26 12:38:34,249 INFO Thread-1 iplatform.batch.ModelRunner - ---> minute event triggered by simplatform clock: currentTickNumber: 8400 tickTimeDuration: 100
2016-04-26 12:38:34,249 INFO Thread-1 cs.entities.stats.PerformanceMonitor - Generating MonitEvent, currentTickNumber: 8400 tickTimeDuration: 100
2016-04-26 12:38:34,292 INFO Thread-1 iplatform.batch.ModelRunner - ---> minute event triggered by simplatform clock: currentTickNumber: 9000 tickTimeDuration: 100
2016-04-26 12:38:34,292 INFO Thread-1 cs.entities.stats.PerformanceMonitor - Generating MonitEvent, currentTickNumber: 9000 tickTimeDuration: 100
2016-04-26 12:38:34,338 INFO Thread-1 iplatform.batch.ModelRunner - ---> minute event triggered by simplatform clock: currentTickNumber: 9600 tickTimeDuration: 100
2016-04-26 12:38:34,338 INFO Thread-1 cs.entities.stats.PerformanceMonitor - Generating MonitEvent, currentTickNumber: 9600 tickTimeDuration: 100
2016-04-26 12:38:34,377 INFO Thread-1 iplatform.batch.ModelRunner - ---> minute event triggered by simplatform clock: currentTickNumber: 10200 tickTimeDuration: 100
2016-04-26 12:38:34,377 INFO Thread-1 cs.entities.stats.PerformanceMonitor - Generating MonitEvent, currentTickNumber: 10200 tickTimeDuration: 100
2016-04-26 12:38:34,410 INFO Thread-1 iplatform.batch.ModelRunner - ---> minute event triggered by simplatform clock: currentTickNumber: 10800 tickTimeDuration: 100
2016-04-26 12:38:34,410 INFO Thread-1 cs.entities.stats.PerformanceMonitor - Generating MonitEvent, currentTickNumber: 10800 tickTimeDuration: 100
2016-04-26 12:38:34,449 INFO Thread-1 iplatform.batch.ModelRunner - ---> minute event triggered by simplatform clock: currentTickNumber: 11400 tickTimeDuration: 100
2016-04-26 12:38:34,450 INFO Thread-1 cs.entities.stats.PerformanceMonitor - Generating MonitEvent, currentTickNumber: 11400 tickTimeDuration: 100
2016-04-26 12:38:34,488 INFO Thread-1 iplatform.batch.ModelRunner - ---> minute event triggered by simplatform clock: currentTickNumber: 12000 tickTimeDuration: 100
2016-04-26 12:38:34,489 INFO Thread-1 cs.entities.stats.PerformanceMonitor - Generating MonitEvent, currentTickNumber: 12000 tickTimeDuration: 100
2016-04-26 12:38:34,542 INFO Thread-1 iplatform.batch.ModelRunner - ---> minute event triggered by simplatform clock: currentTickNumber: 12600 tickTimeDuration: 100
2016-04-26 12:38:34,542 INFO Thread-1 cs.entities.stats.PerformanceMonitor - Generating MonitEvent, currentTickNumber: 12600 tickTimeDuration: 100
2016-04-26 12:38:34,600 INFO Thread-1 iplatform.batch.ModelRunner - ---> minute event triggered by simplatform clock: currentTickNumber: 13200 tickTimeDuration: 100
2016-04-26 12:38:34,600 INFO Thread-1 cs.entities.stats.PerformanceMonitor - Generating MonitEvent, currentTickNumber: 13200 tickTimeDuration: 100
2016-04-26 12:38:34,644 INFO Thread-1 iplatform.batch.ModelRunner - ---> minute event triggered by simplatform clock: currentTickNumber: 13800 tickTimeDuration: 100
2016-04-26 12:38:34,645 INFO Thread-1 cs.entities.stats.PerformanceMonitor - Generating MonitEvent, currentTickNumber: 13800 tickTimeDuration: 100
2016-04-26 12:38:34,692 INFO Thread-1 iplatform.batch.ModelRunner - ---> minute event triggered by simplatform clock: currentTickNumber: 14400 tickTimeDuration: 100
2016-04-26 12:38:34,692 INFO Thread-1 cs.entities.stats.PerformanceMonitor - Generating MonitEvent, currentTickNumber: 14400 tickTimeDuration: 100
2016-04-26 12:38:34,736 INFO Thread-1 iplatform.batch.ModelRunner - ---> minute event triggered by simplatform clock: currentTickNumber: 15000 tickTimeDuration: 100
2016-04-26 12:38:34,737 INFO Thread-1 cs.entities.stats.PerformanceMonitor - Generating MonitEvent, currentTickNumber: 15000 tickTimeDuration: 100
2016-04-26 12:38:34,781 INFO Thread-1 iplatform.batch.ModelRunner - ---> minute event triggered by simplatform clock: currentTickNumber: 15600 tickTimeDuration: 100
2016-04-26 12:38:34,781 INFO Thread-1 cs.entities.stats.PerformanceMonitor - Generating MonitEvent, currentTickNumber: 15600 tickTimeDuration: 100
2016-04-26 12:38:34,830 INFO Thread-1 iplatform.batch.ModelRunner - ---> minute event triggered by simplatform clock: currentTickNumber: 16200 tickTimeDuration: 100
2016-04-26 12:38:34,831 INFO Thread-1 cs.entities.stats.PerformanceMonitor - Generating MonitEvent, currentTickNumber: 16200 tickTimeDuration: 100
2016-04-26 12:38:34,885 INFO Thread-1 iplatform.batch.ModelRunner - ---> minute event triggered by simplatform clock: currentTickNumber: 16800 tickTimeDuration: 100
2016-04-26 12:38:34,885 INFO Thread-1 cs.entities.stats.PerformanceMonitor - Generating MonitEvent, currentTickNumber: 16800 tickTimeDuration: 100
2016-04-26 12:38:34,968 INFO Thread-1 iplatform.batch.ModelRunner - ---> minute event triggered by simplatform clock: currentTickNumber: 17400 tickTimeDuration: 100
2016-04-26 12:38:34,968 INFO Thread-1 cs.entities.stats.PerformanceMonitor - Generating MonitEvent, currentTickNumber: 17400 tickTimeDuration: 100
2016-04-26 12:38:35,030 INFO Thread-1 iplatform.batch.ModelRunner - ---> minute event triggered by simplatform clock: currentTickNumber: 18000 tickTimeDuration: 100
2016-04-26 12:38:35,030 INFO Thread-1 cs.entities.stats.PerformanceMonitor - Generating MonitEvent, currentTickNumber: 18000 tickTimeDuration: 100
2016-04-26 12:38:35,093 INFO Thread-1 iplatform.batch.ModelRunner - ---> minute event triggered by simplatform clock: currentTickNumber: 18600 tickTimeDuration: 100
2016-04-26 12:38:35,093 INFO Thread-1 cs.entities.stats.PerformanceMonitor - Generating MonitEvent, currentTickNumber: 18600 tickTimeDuration: 100
2016-04-26 12:38:35,158 INFO Thread-1 iplatform.batch.ModelRunner - ---> minute event triggered by simplatform clock: currentTickNumber: 19200 tickTimeDuration: 100
2016-04-26 12:38:35,158 INFO Thread-1 cs.entities.stats.PerformanceMonitor - Generating MonitEvent, currentTickNumber: 19200 tickTimeDuration: 100
2016-04-26 12:38:35,229 INFO Thread-1 iplatform.batch.ModelRunner - ---> minute event triggered by simplatform clock: currentTickNumber: 19800 tickTimeDuration: 100
2016-04-26 12:38:35,230 INFO Thread-1 cs.entities.stats.PerformanceMonitor - Generating MonitEvent, currentTickNumber: 19800 tickTimeDuration: 100
2016-04-26 12:38:35,276 INFO Thread-1 iplatform.batch.ModelRunner - ---> minute event triggered by simplatform clock: currentTickNumber: 20400 tickTimeDuration: 100
2016-04-26 12:38:35,277 INFO Thread-1 cs.entities.stats.PerformanceMonitor - Generating MonitEvent, currentTickNumber: 20400 tickTimeDuration: 100
2016-04-26 12:38:35,326 INFO Thread-1 iplatform.batch.ModelRunner - ---> minute event triggered by simplatform clock: currentTickNumber: 21000 tickTimeDuration: 100
2016-04-26 12:38:35,326 INFO Thread-1 cs.entities.stats.PerformanceMonitor - Generating MonitEvent, currentTickNumber: 21000 tickTimeDuration: 100
2016-04-26 12:38:35,367 INFO Thread-1 iplatform.batch.ModelRunner - ---> minute event triggered by simplatform clock: currentTickNumber: 21600 tickTimeDuration: 100
2016-04-26 12:38:35,367 INFO Thread-1 cs.entities.stats.PerformanceMonitor - Generating MonitEvent, currentTickNumber: 21600 tickTimeDuration: 100
2016-04-26 12:38:35,413 INFO Thread-1 iplatform.batch.ModelRunner - ---> minute event triggered by simplatform clock: currentTickNumber: 22200 tickTimeDuration: 100
2016-04-26 12:38:35,413 INFO Thread-1 cs.entities.stats.PerformanceMonitor - Generating MonitEvent, currentTickNumber: 22200 tickTimeDuration: 100
2016-04-26 12:38:35,455 INFO Thread-1 iplatform.batch.ModelRunner - ---> minute event triggered by simplatform clock: currentTickNumber: 22800 tickTimeDuration: 100
2016-04-26 12:38:35,456 INFO Thread-1 cs.entities.stats.PerformanceMonitor - Generating MonitEvent, currentTickNumber: 22800 tickTimeDuration: 100
2016-04-26 12:38:35,504 INFO Thread-1 iplatform.batch.ModelRunner - ---> minute event triggered by simplatform clock: currentTickNumber: 23400 tickTimeDuration: 100
2016-04-26 12:38:35,504 INFO Thread-1 cs.entities.stats.PerformanceMonitor - Generating MonitEvent, currentTickNumber: 23400 tickTimeDuration: 100
2016-04-26 12:38:35,553 INFO Thread-1 iplatform.batch.ModelRunner - ---> minute event triggered by simplatform clock: currentTickNumber: 24000 tickTimeDuration: 100
2016-04-26 12:38:35,554 INFO Thread-1 cs.entities.stats.PerformanceMonitor - Generating MonitEvent, currentTickNumber: 24000 tickTimeDuration: 100
2016-04-26 12:38:35,610 INFO Thread-1 iplatform.batch.ModelRunner - ---> minute event triggered by simplatform clock: currentTickNumber: 24600 tickTimeDuration: 100
2016-04-26 12:38:35,610 INFO Thread-1 cs.entities.stats.PerformanceMonitor - Generating MonitEvent, currentTickNumber: 24600 tickTimeDuration: 100
2016-04-26 12:38:35,671 INFO Thread-1 iplatform.batch.ModelRunner - ---> minute event triggered by simplatform clock: currentTickNumber: 25200 tickTimeDuration: 100
2016-04-26 12:38:35,671 INFO Thread-1 cs.entities.stats.PerformanceMonitor - Generating MonitEvent, currentTickNumber: 25200 tickTimeDuration: 100
2016-04-26 12:38:35,730 INFO Thread-1 iplatform.batch.ModelRunner - ---> minute event triggered by simplatform clock: currentTickNumber: 25800 tickTimeDuration: 100
2016-04-26 12:38:35,730 INFO Thread-1 cs.entities.stats.PerformanceMonitor - Generating MonitEvent, currentTickNumber: 25800 tickTimeDuration: 100
2016-04-26 12:38:35,795 INFO Thread-1 iplatform.batch.ModelRunner - ---> minute event triggered by simplatform clock: currentTickNumber: 26400 tickTimeDuration: 100
2016-04-26 12:38:35,796 INFO Thread-1 cs.entities.stats.PerformanceMonitor - Generating MonitEvent, currentTickNumber: 26400 tickTimeDuration: 100
2016-04-26 12:38:35,857 INFO Thread-1 iplatform.batch.ModelRunner - ---> minute event triggered by simplatform clock: currentTickNumber: 27000 tickTimeDuration: 100
2016-04-26 12:38:35,858 INFO Thread-1 cs.entities.stats.PerformanceMonitor - Generating MonitEvent, currentTickNumber: 27000 tickTimeDuration: 100
2016-04-26 12:38:35,909 INFO Thread-1 iplatform.batch.ModelRunner - ---> minute event triggered by simplatform clock: currentTickNumber: 27600 tickTimeDuration: 100
2016-04-26 12:38:35,909 INFO Thread-1 cs.entities.stats.PerformanceMonitor - Generating MonitEvent, currentTickNumber: 27600 tickTimeDuration: 100
2016-04-26 12:38:35,959 INFO Thread-1 iplatform.batch.ModelRunner - ---> minute event triggered by simplatform clock: currentTickNumber: 28200 tickTimeDuration: 100
2016-04-26 12:38:35,959 INFO Thread-1 cs.entities.stats.PerformanceMonitor - Generating MonitEvent, currentTickNumber: 28200 tickTimeDuration: 100
2016-04-26 12:38:36,016 INFO Thread-1 iplatform.batch.ModelRunner - ---> minute event triggered by simplatform clock: currentTickNumber: 28800 tickTimeDuration: 100
2016-04-26 12:38:36,017 INFO Thread-1 cs.entities.stats.PerformanceMonitor - Generating MonitEvent, currentTickNumber: 28800 tickTimeDuration: 100
2016-04-26 12:38:36,074 INFO Thread-1 iplatform.batch.ModelRunner - ---> minute event triggered by simplatform clock: currentTickNumber: 29400 tickTimeDuration: 100
2016-04-26 12:38:36,074 INFO Thread-1 cs.entities.stats.PerformanceMonitor - Generating MonitEvent, currentTickNumber: 29400 tickTimeDuration: 100
2016-04-26 12:38:36,134 INFO Thread-1 iplatform.batch.ModelRunner - ---> minute event triggered by simplatform clock: currentTickNumber: 30000 tickTimeDuration: 100
2016-04-26 12:38:36,134 INFO Thread-1 cs.entities.stats.PerformanceMonitor - Generating MonitEvent, currentTickNumber: 30000 tickTimeDuration: 100
2016-04-26 12:38:36,204 INFO Thread-1 iplatform.batch.ModelRunner - ---> minute event triggered by simplatform clock: currentTickNumber: 30600 tickTimeDuration: 100
2016-04-26 12:38:36,204 INFO Thread-1 cs.entities.stats.PerformanceMonitor - Generating MonitEvent, currentTickNumber: 30600 tickTimeDuration: 100
2016-04-26 12:38:36,276 INFO Thread-1 iplatform.batch.ModelRunner - ---> minute event triggered by simplatform clock: currentTickNumber: 31200 tickTimeDuration: 100
2016-04-26 12:38:36,277 INFO Thread-1 cs.entities.stats.PerformanceMonitor - Generating MonitEvent, currentTickNumber: 31200 tickTimeDuration: 100
2016-04-26 12:38:36,359 INFO Thread-1 iplatform.batch.ModelRunner - ---> minute event triggered by simplatform clock: currentTickNumber: 31800 tickTimeDuration: 100
2016-04-26 12:38:36,359 INFO Thread-1 cs.entities.stats.PerformanceMonitor - Generating MonitEvent, currentTickNumber: 31800 tickTimeDuration: 100
2016-04-26 12:38:36,438 INFO Thread-1 iplatform.batch.ModelRunner - ---> minute event triggered by simplatform clock: currentTickNumber: 32400 tickTimeDuration: 100
2016-04-26 12:38:36,439 INFO Thread-1 cs.entities.stats.PerformanceMonitor - Generating MonitEvent, currentTickNumber: 32400 tickTimeDuration: 100
2016-04-26 12:38:36,519 INFO Thread-1 iplatform.batch.ModelRunner - ---> minute event triggered by simplatform clock: currentTickNumber: 33000 tickTimeDuration: 100
2016-04-26 12:38:36,519 INFO Thread-1 cs.entities.stats.PerformanceMonitor - Generating MonitEvent, currentTickNumber: 33000 tickTimeDuration: 100
2016-04-26 12:38:36,607 INFO Thread-1 iplatform.batch.ModelRunner - ---> minute event triggered by simplatform clock: currentTickNumber: 33600 tickTimeDuration: 100
2016-04-26 12:38:36,607 INFO Thread-1 cs.entities.stats.PerformanceMonitor - Generating MonitEvent, currentTickNumber: 33600 tickTimeDuration: 100
2016-04-26 12:38:36,697 INFO Thread-1 iplatform.batch.ModelRunner - ---> minute event triggered by simplatform clock: currentTickNumber: 34200 tickTimeDuration: 100
2016-04-26 12:38:36,697 INFO Thread-1 cs.entities.stats.PerformanceMonitor - Generating MonitEvent, currentTickNumber: 34200 tickTimeDuration: 100
2016-04-26 12:38:36,792 INFO Thread-1 iplatform.batch.ModelRunner - ---> minute event triggered by simplatform clock: currentTickNumber: 34800 tickTimeDuration: 100
2016-04-26 12:38:36,792 INFO Thread-1 cs.entities.stats.PerformanceMonitor - Generating MonitEvent, currentTickNumber: 34800 tickTimeDuration: 100
2016-04-26 12:38:36,886 INFO Thread-1 iplatform.batch.ModelRunner - ---> minute event triggered by simplatform clock: currentTickNumber: 35400 tickTimeDuration: 100
2016-04-26 12:38:36,886 INFO Thread-1 cs.entities.stats.PerformanceMonitor - Generating MonitEvent, currentTickNumber: 35400 tickTimeDuration: 100
2016-04-26 12:38:36,995 INFO Thread-1 iplatform.batch.ModelRunner - ---> minute event triggered by simplatform clock: currentTickNumber: 36000 tickTimeDuration: 100
2016-04-26 12:38:36,996 INFO Thread-1 cs.entities.stats.PerformanceMonitor - Generating MonitEvent, currentTickNumber: 36000 tickTimeDuration: 100
2016-04-26 12:38:36,996 INFO Thread-1 iplatform.batch.ModelRunner - stopping batch mode run as simulation end time condition was reached...
2016-04-26 12:38:36,996 INFO Thread-1 iplatform.batch.ModelRunner - ---> end simulation event triggered by simplatform clock...
2016-04-26 12:38:36,997 INFO Thread-1 iplatform.batch.ModelRunner - ============================== consumer stats ====================================
2016-04-26 12:38:36,997 INFO Thread-1 iplatform.batch.ModelRunner - Consumer stats at tick: 600 queued jobs: 247 completed jobs: 24
2016-04-26 12:38:36,997 INFO Thread-1 iplatform.batch.ModelRunner - Consumer stats at tick: 1200 queued jobs: 244 completed jobs: 26
2016-04-26 12:38:36,997 INFO Thread-1 iplatform.batch.ModelRunner - Consumer stats at tick: 1800 queued jobs: 253 completed jobs: 27
2016-04-26 12:38:36,998 INFO Thread-1 iplatform.batch.ModelRunner - Consumer stats at tick: 2400 queued jobs: 249 completed jobs: 26
2016-04-26 12:38:36,998 INFO Thread-1 iplatform.batch.ModelRunner - Consumer stats at tick: 3000 queued jobs: 233 completed jobs: 30
2016-04-26 12:38:36,998 INFO Thread-1 iplatform.batch.ModelRunner - Consumer stats at tick: 3600 queued jobs: 259 completed jobs: 26
2016-04-26 12:38:36,999 INFO Thread-1 iplatform.batch.ModelRunner - Consumer stats at tick: 4200 queued jobs: 241 completed jobs: 23
2016-04-26 12:38:36,999 INFO Thread-1 iplatform.batch.ModelRunner - Consumer stats at tick: 4800 queued jobs: 264 completed jobs: 30
2016-04-26 12:38:36,999 INFO Thread-1 iplatform.batch.ModelRunner - Consumer stats at tick: 5400 queued jobs: 253 completed jobs: 27
2016-04-26 12:38:37,000 INFO Thread-1 iplatform.batch.ModelRunner - Consumer stats at tick: 6000 queued jobs: 251 completed jobs: 27
2016-04-26 12:38:37,000 INFO Thread-1 iplatform.batch.ModelRunner - Consumer stats at tick: 6600 queued jobs: 240 completed jobs: 29
2016-04-26 12:38:37,000 INFO Thread-1 iplatform.batch.ModelRunner - Consumer stats at tick: 7200 queued jobs: 247 completed jobs: 27
2016-04-26 12:38:37,001 INFO Thread-1 iplatform.batch.ModelRunner - Consumer stats at tick: 7800 queued jobs: 252 completed jobs: 25
2016-04-26 12:38:37,001 INFO Thread-1 iplatform.batch.ModelRunner - Consumer stats at tick: 8400 queued jobs: 277 completed jobs: 21
2016-04-26 12:38:37,001 INFO Thread-1 iplatform.batch.ModelRunner - Consumer stats at tick: 9000 queued jobs: 232 completed jobs: 25
2016-04-26 12:38:37,001 INFO Thread-1 iplatform.batch.ModelRunner - Consumer stats at tick: 9600 queued jobs: 271 completed jobs: 30
2016-04-26 12:38:37,002 INFO Thread-1 iplatform.batch.ModelRunner - Consumer stats at tick: 10200 queued jobs: 251 completed jobs: 34
2016-04-26 12:38:37,002 INFO Thread-1 iplatform.batch.ModelRunner - Consumer stats at tick: 10800 queued jobs: 227 completed jobs: 20
2016-04-26 12:38:37,002 INFO Thread-1 iplatform.batch.ModelRunner - Consumer stats at tick: 11400 queued jobs: 254 completed jobs: 19
2016-04-26 12:38:37,003 INFO Thread-1 iplatform.batch.ModelRunner - Consumer stats at tick: 12000 queued jobs: 232 completed jobs: 24
2016-04-26 12:38:37,003 INFO Thread-1 iplatform.batch.ModelRunner - Consumer stats at tick: 12600 queued jobs: 278 completed jobs: 26
2016-04-26 12:38:37,003 INFO Thread-1 iplatform.batch.ModelRunner - Consumer stats at tick: 13200 queued jobs: 252 completed jobs: 22
2016-04-26 12:38:37,004 INFO Thread-1 iplatform.batch.ModelRunner - Consumer stats at tick: 13800 queued jobs: 236 completed jobs: 23
2016-04-26 12:38:37,004 INFO Thread-1 iplatform.batch.ModelRunner - Consumer stats at tick: 14400 queued jobs: 236 completed jobs: 24
2016-04-26 12:38:37,004 INFO Thread-1 iplatform.batch.ModelRunner - Consumer stats at tick: 15000 queued jobs: 255 completed jobs: 20
2016-04-26 12:38:37,005 INFO Thread-1 iplatform.batch.ModelRunner - Consumer stats at tick: 15600 queued jobs: 227 completed jobs: 23
2016-04-26 12:38:37,005 INFO Thread-1 iplatform.batch.ModelRunner - Consumer stats at tick: 16200 queued jobs: 247 completed jobs: 24
2016-04-26 12:38:37,005 INFO Thread-1 iplatform.batch.ModelRunner - Consumer stats at tick: 16800 queued jobs: 268 completed jobs: 29
2016-04-26 12:38:37,006 INFO Thread-1 iplatform.batch.ModelRunner - Consumer stats at tick: 17400 queued jobs: 248 completed jobs: 21
2016-04-26 12:38:37,006 INFO Thread-1 iplatform.batch.ModelRunner - Consumer stats at tick: 18000 queued jobs: 268 completed jobs: 22
2016-04-26 12:38:37,006 INFO Thread-1 iplatform.batch.ModelRunner - Consumer stats at tick: 18600 queued jobs: 260 completed jobs: 20
2016-04-26 12:38:37,007 INFO Thread-1 iplatform.batch.ModelRunner - Consumer stats at tick: 19200 queued jobs: 243 completed jobs: 25
2016-04-26 12:38:37,007 INFO Thread-1 iplatform.batch.ModelRunner - Consumer stats at tick: 19800 queued jobs: 256 completed jobs: 20
2016-04-26 12:38:37,007 INFO Thread-1 iplatform.batch.ModelRunner - Consumer stats at tick: 20400 queued jobs: 244 completed jobs: 26
2016-04-26 12:38:37,008 INFO Thread-1 iplatform.batch.ModelRunner - Consumer stats at tick: 21000 queued jobs: 241 completed jobs: 21
2016-04-26 12:38:37,008 INFO Thread-1 iplatform.batch.ModelRunner - Consumer stats at tick: 21600 queued jobs: 271 completed jobs: 20
2016-04-26 12:38:37,008 INFO Thread-1 iplatform.batch.ModelRunner - Consumer stats at tick: 22200 queued jobs: 272 completed jobs: 23
2016-04-26 12:38:37,008 INFO Thread-1 iplatform.batch.ModelRunner - Consumer stats at tick: 22800 queued jobs: 235 completed jobs: 22
2016-04-26 12:38:37,009 INFO Thread-1 iplatform.batch.ModelRunner - Consumer stats at tick: 23400 queued jobs: 257 completed jobs: 22
2016-04-26 12:38:37,009 INFO Thread-1 iplatform.batch.ModelRunner - Consumer stats at tick: 24000 queued jobs: 245 completed jobs: 21
2016-04-26 12:38:37,009 INFO Thread-1 iplatform.batch.ModelRunner - Consumer stats at tick: 24600 queued jobs: 265 completed jobs: 29
2016-04-26 12:38:37,009 INFO Thread-1 iplatform.batch.ModelRunner - Consumer stats at tick: 25200 queued jobs: 280 completed jobs: 22
2016-04-26 12:38:37,010 INFO Thread-1 iplatform.batch.ModelRunner - Consumer stats at tick: 25800 queued jobs: 247 completed jobs: 28
2016-04-26 12:38:37,010 INFO Thread-1 iplatform.batch.ModelRunner - Consumer stats at tick: 26400 queued jobs: 256 completed jobs: 23
2016-04-26 12:38:37,010 INFO Thread-1 iplatform.batch.ModelRunner - Consumer stats at tick: 27000 queued jobs: 253 completed jobs: 25
2016-04-26 12:38:37,011 INFO Thread-1 iplatform.batch.ModelRunner - Consumer stats at tick: 27600 queued jobs: 258 completed jobs: 32
2016-04-26 12:38:37,011 INFO Thread-1 iplatform.batch.ModelRunner - Consumer stats at tick: 28200 queued jobs: 246 completed jobs: 24
2016-04-26 12:38:37,011 INFO Thread-1 iplatform.batch.ModelRunner - Consumer stats at tick: 28800 queued jobs: 261 completed jobs: 22
2016-04-26 12:38:37,011 INFO Thread-1 iplatform.batch.ModelRunner - Consumer stats at tick: 29400 queued jobs: 252 completed jobs: 28
2016-04-26 12:38:37,012 INFO Thread-1 iplatform.batch.ModelRunner - Consumer stats at tick: 30000 queued jobs: 243 completed jobs: 24
2016-04-26 12:38:37,012 INFO Thread-1 iplatform.batch.ModelRunner - Consumer stats at tick: 30600 queued jobs: 261 completed jobs: 28
2016-04-26 12:38:37,012 INFO Thread-1 iplatform.batch.ModelRunner - Consumer stats at tick: 31200 queued jobs: 256 completed jobs: 22
2016-04-26 12:38:37,012 INFO Thread-1 iplatform.batch.ModelRunner - Consumer stats at tick: 31800 queued jobs: 271 completed jobs: 23
2016-04-26 12:38:37,012 INFO Thread-1 iplatform.batch.ModelRunner - Consumer stats at tick: 32400 queued jobs: 255 completed jobs: 19
2016-04-26 12:38:37,013 INFO Thread-1 iplatform.batch.ModelRunner - Consumer stats at tick: 33000 queued jobs: 237 completed jobs: 22
2016-04-26 12:38:37,013 INFO Thread-1 iplatform.batch.ModelRunner - Consumer stats at tick: 33600 queued jobs: 246 completed jobs: 30
2016-04-26 12:38:37,013 INFO Thread-1 iplatform.batch.ModelRunner - Consumer stats at tick: 34200 queued jobs: 230 completed jobs: 30
2016-04-26 12:38:37,013 INFO Thread-1 iplatform.batch.ModelRunner - Consumer stats at tick: 34800 queued jobs: 228 completed jobs: 27
2016-04-26 12:38:37,013 INFO Thread-1 iplatform.batch.ModelRunner - Consumer stats at tick: 35400 queued jobs: 222 completed jobs: 22
2016-04-26 12:38:37,014 INFO Thread-1 iplatform.batch.ModelRunner - Consumer stats at tick: 36000 queued jobs: 249 completed jobs: 27
2016-04-26 12:38:37,015 INFO Thread-1 cs.dataexport.ExportManager - export manager initialised...
2016-04-26 12:38:37,015 INFO Thread-1 cs.dataexport.ExportManager - verifying if results folder exists...
2016-04-26 12:38:37,016 INFO Thread-1 cs.dataexport.ExportManager - verifying if results folder exists...
2016-04-26 12:38:37,016 INFO Thread-1 cs.dataexport.ExportManager - creating export directory: /home/balrog/repos/CloudSim/bin/results/DefaultModelConfigurationTemplate/2016-04-26-12-38-37
2016-04-26 12:38:37,017 INFO Thread-1 cs.dataexport.ExportManager - export path is: /home/balrog/repos/CloudSim/bin/results/DefaultModelConfigurationTemplate/2016-04-26-12-38-37
2016-04-26 12:38:37,017 INFO Thread-1 cs.dataexport.ExportManager - copying file: outputServiceModelPerformance.log to following location (in bin directory: /home/balrog/repos/CloudSim/bin/results/DefaultModelConfigurationTemplate/2016-04-26-12-38-37/outputServiceModelPerformance.log
2016-04-26 12:38:37,018 INFO Thread-1 cs.dataexport.ExportManager - >> ModelRunner class execution path is: /home/balrog/repos/CloudSim
2016-04-26 12:38:37,018 INFO Thread-1 cs.dataexport.ExportManager - >> bin dir path is: /home/balrog/repos/bin
2016-04-26 12:38:37,018 ERROR Thread-1 cs.dataexport.ExportManager - java.lang.IllegalArgumentException: Delete: no such file or directory: /home/balrog/repos/bin/outputServiceModelPerformance.log
2016-04-26 12:38:37,018 INFO Thread-1 cs.dataexport.ExportManager - copying file: outputModelLogs.log to following location (in bin directory: /home/balrog/repos/CloudSim/bin/results/DefaultModelConfigurationTemplate/2016-04-26-12-38-37/outputModelLogs.log
2016-04-26 12:38:37,019 INFO Thread-1 cs.dataexport.ExportManager - copying file: outputSystemEvents.log to following location (in bin directory: /home/balrog/repos/CloudSim/bin/results/DefaultModelConfigurationTemplate/2016-04-26-12-38-37/outputSystemEvents.log
2016-04-26 12:38:37,019 INFO Thread-1 cs.dataexport.ExportManager - copying file: outputSystemPerformance.log to following location (in bin directory: /home/balrog/repos/CloudSim/bin/results/DefaultModelConfigurationTemplate/2016-04-26-12-38-37/outputSystemPerformance.log
2016-04-26 12:38:37,020 INFO Thread-1 cs.dataexport.ExportManager - copying file: outputUserEvents.log to following location (in bin directory: /home/balrog/repos/CloudSim/bin/results/DefaultModelConfigurationTemplate/2016-04-26-12-38-37/outputUserEvents.log
2016-04-26 12:38:37,020 INFO Thread-1 cs.dataexport.ExportManager - copying file: /home/balrog/repos/CloudSim/bin/batch/configurationTemplate-[cr0.0].txt to following location (in bin directory: /home/balrog/repos/CloudSim/bin/results/DefaultModelConfigurationTemplate/2016-04-26-12-38-37/configurationTemplate-[cr0.0].txt
2016-04-26 12:38:37,020 INFO Thread-1 cs.dataexport.ExportManager - ==> verifying number of completed simulations in directory: /home/balrog/repos/CloudSim/bin/results is running as a service: false
2016-04-26 12:38:37,021 INFO Thread-1 cs.dataexport.ExportManager - >>> number of finished simulations: 1
