2016-04-26 13:18:37,379 INFO main iplatform.batch.ModelRunner - running in batch mode using batch configuration template path: /home/balrog/repos/CloudSim/bin/batch/configurationTemplate-[cr0.0].txt file name: configurationTemplate-[cr0.0].txt
2016-04-26 13:18:37,384 INFO main iplatform.batch.ModelRunner - running in batch mode using tool configuration template: /home/balrog/repos/CloudSim/bin/configuration.txt
2016-04-26 13:18:37,384 INFO main iplatform.batch.ModelRunner - running in batch mode using data folder name for single simulation run: DefaultModelConfigurationTemplate
2016-04-26 13:18:37,385 INFO main iplatform.batch.ModelRunner - running in batch mode using data folder path for single simulation run: /home/balrog/repos/CloudSim/bin/batch/configurationTemplate-[cr0.0].txt
2016-04-26 13:18:37,386 INFO main iplatform.batch.ModelRunner - reading file from location: /home/balrog/repos/CloudSim/bin/configuration.txt
2016-04-26 13:18:37,387 INFO main iplatform.batch.ModelRunner - /* operation mode: 0 - normal, 1 - batch, 2 - replay, 3-service */{  "operationMode": 1,  "showGUI": false,  "heapSize": 2024,  "batchFolderLocation": "/home/balrog/repos/CloudSim/bin/batch",  "resultsFolderLocation": "/home/balrog/repos/CloudSim/bin/results",  "bootstrapDataFolderLocation": "/home/balrog/repos/CloudSim/bin/bootstrap",  "modelClassToInstantiate": "cs.ModelInterface",  "modelConfigurationClassToInstantiate": "cs.config.ModelConfiguration"}
2016-04-26 13:18:37,506 INFO main iplatform.batch.ModelRunner - read model configuration: operation mode: 1 heap size: 2024
2016-04-26 13:18:37,507 INFO main iplatform.batch.ModelRunner - Starting Simulation...
2016-04-26 13:18:37,507 INFO main iplatform.batch.ModelRunner - initialising model...
2016-04-26 13:18:37,508 INFO main iplatform.batch.ModelRunner - reading file from location: /home/balrog/repos/CloudSim/bin/configuration.txt
2016-04-26 13:18:37,509 INFO main iplatform.batch.ModelRunner - /* operation mode: 0 - normal, 1 - batch, 2 - replay, 3-service */{  "operationMode": 1,  "showGUI": false,  "heapSize": 2024,  "batchFolderLocation": "/home/balrog/repos/CloudSim/bin/batch",  "resultsFolderLocation": "/home/balrog/repos/CloudSim/bin/results",  "bootstrapDataFolderLocation": "/home/balrog/repos/CloudSim/bin/bootstrap",  "modelClassToInstantiate": "cs.ModelInterface",  "modelConfigurationClassToInstantiate": "cs.config.ModelConfiguration"}
2016-04-26 13:18:37,511 INFO main iplatform.batch.ModelRunner - read model configuration: operation mode: 1 heap size: 2024
2016-04-26 13:18:37,513 INFO main iplatform.batch.ModelRunner - reading file from location: /home/balrog/repos/CloudSim/bin/configuration.txt
2016-04-26 13:18:37,514 INFO main iplatform.batch.ModelRunner - /* operation mode: 0 - normal, 1 - batch, 2 - replay, 3-service */{  "operationMode": 1,  "showGUI": false,  "heapSize": 2024,  "batchFolderLocation": "/home/balrog/repos/CloudSim/bin/batch",  "resultsFolderLocation": "/home/balrog/repos/CloudSim/bin/results",  "bootstrapDataFolderLocation": "/home/balrog/repos/CloudSim/bin/bootstrap",  "modelClassToInstantiate": "cs.ModelInterface",  "modelConfigurationClassToInstantiate": "cs.config.ModelConfiguration"}
2016-04-26 13:18:37,517 INFO main iplatform.batch.ModelRunner - read model configuration: operation mode: 1 heap size: 2024
2016-04-26 13:18:37,522 INFO main iplatform.batch.ModelRunner - model configuration template recreated from text configuration file, template name: Default Model Configuration Template
2016-04-26 13:18:37,524 INFO main iplatform.batch.ModelRunner - instantiating model with a given class name: cs.ModelInterface
2016-04-26 13:18:37,528 INFO main iplatform.batch.ModelRunner - succcessfully loaded model configuration: Default Model Configuration Template
2016-04-26 13:18:37,529 INFO main iplatform.batch.ModelRunner - successfully set simulation clock...
2016-04-26 13:18:37,531 INFO main iplatform.batch.ModelRunner - successfully loaded simulation events...
2016-04-26 13:18:37,532 INFO main iplatform.batch.ModelRunner - initialised model in batch mode...
2016-04-26 13:18:37,532 INFO Thread-1 iplatform.batch.ModelRunner - ---> start simulation event triggered by simplatform clock...
2016-04-26 13:18:37,534 INFO Thread-1 cs.dataexport.DataExport - successfully initialised data export...
2016-04-26 13:18:37,537 INFO Thread-1 cs.dataexport.DataExport - >> ModelRunner class execution path is: /home/balrog/repos/CloudSim
2016-04-26 13:18:37,538 INFO Thread-1 cs.dataexport.DataExport - >> bin dir path is: /home/balrog/repos/CloudSim/bin
2016-04-26 13:18:37,540 INFO Thread-1 cs.dataexport.DataExport - >> ModelRunner class execution path is: /home/balrog/repos/CloudSim
2016-04-26 13:18:37,541 INFO Thread-1 cs.dataexport.DataExport - >> bin dir path is: /home/balrog/repos/CloudSim/bin
2016-04-26 13:18:37,542 INFO Thread-1 cs.dataexport.DataExport - ===> creating performance log file under following location: /home/balrog/repos/CloudSim/bin/outputServiceModelPerformance.log
2016-04-26 13:18:37,545 INFO Thread-1 cs.bootstrap.BootstrapManager - successfully initialised bootstrap manager...
2016-04-26 13:18:37,545 INFO Thread-1 iplatform.batch.ModelRunner - running simulation in batch mode...
2016-04-26 13:18:37,546 INFO Thread-1 cs.bootstrap.BootstrapManager - creating consumers for short jobs: 1
2016-04-26 13:18:37,549 INFO Thread-1 cs.bootstrap.BootstrapManager - creating consumers for long jobs: 2
2016-04-26 13:18:37,549 INFO Thread-1 cs.bootstrap.BootstrapManager - creating providers: 1
2016-04-26 13:18:37,821 INFO Thread-1 iplatform.batch.ModelRunner - ---> minute event triggered by simplatform clock: currentTickNumber: 600 tickTimeDuration: 100
2016-04-26 13:18:37,822 INFO Thread-1 cs.entities.stats.PerformanceMonitor - Generating MonitEvent, currentTickNumber: 600 tickTimeDuration: 100
2016-04-26 13:18:37,878 INFO Thread-1 iplatform.batch.ModelRunner - ---> minute event triggered by simplatform clock: currentTickNumber: 1200 tickTimeDuration: 100
2016-04-26 13:18:37,878 INFO Thread-1 cs.entities.stats.PerformanceMonitor - Generating MonitEvent, currentTickNumber: 1200 tickTimeDuration: 100
2016-04-26 13:18:37,924 INFO Thread-1 iplatform.batch.ModelRunner - ---> minute event triggered by simplatform clock: currentTickNumber: 1800 tickTimeDuration: 100
2016-04-26 13:18:37,925 INFO Thread-1 cs.entities.stats.PerformanceMonitor - Generating MonitEvent, currentTickNumber: 1800 tickTimeDuration: 100
2016-04-26 13:18:37,965 INFO Thread-1 iplatform.batch.ModelRunner - ---> minute event triggered by simplatform clock: currentTickNumber: 2400 tickTimeDuration: 100
2016-04-26 13:18:37,966 INFO Thread-1 cs.entities.stats.PerformanceMonitor - Generating MonitEvent, currentTickNumber: 2400 tickTimeDuration: 100
2016-04-26 13:18:38,010 INFO Thread-1 iplatform.batch.ModelRunner - ---> minute event triggered by simplatform clock: currentTickNumber: 3000 tickTimeDuration: 100
2016-04-26 13:18:38,010 INFO Thread-1 cs.entities.stats.PerformanceMonitor - Generating MonitEvent, currentTickNumber: 3000 tickTimeDuration: 100
2016-04-26 13:18:38,053 INFO Thread-1 iplatform.batch.ModelRunner - ---> minute event triggered by simplatform clock: currentTickNumber: 3600 tickTimeDuration: 100
2016-04-26 13:18:38,053 INFO Thread-1 cs.entities.stats.PerformanceMonitor - Generating MonitEvent, currentTickNumber: 3600 tickTimeDuration: 100
2016-04-26 13:18:38,091 INFO Thread-1 iplatform.batch.ModelRunner - ---> minute event triggered by simplatform clock: currentTickNumber: 4200 tickTimeDuration: 100
2016-04-26 13:18:38,091 INFO Thread-1 cs.entities.stats.PerformanceMonitor - Generating MonitEvent, currentTickNumber: 4200 tickTimeDuration: 100
2016-04-26 13:18:38,125 INFO Thread-1 iplatform.batch.ModelRunner - ---> minute event triggered by simplatform clock: currentTickNumber: 4800 tickTimeDuration: 100
2016-04-26 13:18:38,125 INFO Thread-1 cs.entities.stats.PerformanceMonitor - Generating MonitEvent, currentTickNumber: 4800 tickTimeDuration: 100
2016-04-26 13:18:38,166 INFO Thread-1 iplatform.batch.ModelRunner - ---> minute event triggered by simplatform clock: currentTickNumber: 5400 tickTimeDuration: 100
2016-04-26 13:18:38,166 INFO Thread-1 cs.entities.stats.PerformanceMonitor - Generating MonitEvent, currentTickNumber: 5400 tickTimeDuration: 100
2016-04-26 13:18:38,201 INFO Thread-1 iplatform.batch.ModelRunner - ---> minute event triggered by simplatform clock: currentTickNumber: 6000 tickTimeDuration: 100
2016-04-26 13:18:38,202 INFO Thread-1 cs.entities.stats.PerformanceMonitor - Generating MonitEvent, currentTickNumber: 6000 tickTimeDuration: 100
2016-04-26 13:18:38,233 INFO Thread-1 iplatform.batch.ModelRunner - ---> minute event triggered by simplatform clock: currentTickNumber: 6600 tickTimeDuration: 100
2016-04-26 13:18:38,234 INFO Thread-1 cs.entities.stats.PerformanceMonitor - Generating MonitEvent, currentTickNumber: 6600 tickTimeDuration: 100
2016-04-26 13:18:38,263 INFO Thread-1 iplatform.batch.ModelRunner - ---> minute event triggered by simplatform clock: currentTickNumber: 7200 tickTimeDuration: 100
2016-04-26 13:18:38,264 INFO Thread-1 cs.entities.stats.PerformanceMonitor - Generating MonitEvent, currentTickNumber: 7200 tickTimeDuration: 100
2016-04-26 13:18:38,293 INFO Thread-1 iplatform.batch.ModelRunner - ---> minute event triggered by simplatform clock: currentTickNumber: 7800 tickTimeDuration: 100
2016-04-26 13:18:38,293 INFO Thread-1 cs.entities.stats.PerformanceMonitor - Generating MonitEvent, currentTickNumber: 7800 tickTimeDuration: 100
2016-04-26 13:18:38,319 INFO Thread-1 iplatform.batch.ModelRunner - ---> minute event triggered by simplatform clock: currentTickNumber: 8400 tickTimeDuration: 100
2016-04-26 13:18:38,320 INFO Thread-1 cs.entities.stats.PerformanceMonitor - Generating MonitEvent, currentTickNumber: 8400 tickTimeDuration: 100
2016-04-26 13:18:38,347 INFO Thread-1 iplatform.batch.ModelRunner - ---> minute event triggered by simplatform clock: currentTickNumber: 9000 tickTimeDuration: 100
2016-04-26 13:18:38,348 INFO Thread-1 cs.entities.stats.PerformanceMonitor - Generating MonitEvent, currentTickNumber: 9000 tickTimeDuration: 100
2016-04-26 13:18:38,371 INFO Thread-1 iplatform.batch.ModelRunner - ---> minute event triggered by simplatform clock: currentTickNumber: 9600 tickTimeDuration: 100
2016-04-26 13:18:38,372 INFO Thread-1 cs.entities.stats.PerformanceMonitor - Generating MonitEvent, currentTickNumber: 9600 tickTimeDuration: 100
2016-04-26 13:18:38,398 INFO Thread-1 iplatform.batch.ModelRunner - ---> minute event triggered by simplatform clock: currentTickNumber: 10200 tickTimeDuration: 100
2016-04-26 13:18:38,398 INFO Thread-1 cs.entities.stats.PerformanceMonitor - Generating MonitEvent, currentTickNumber: 10200 tickTimeDuration: 100
2016-04-26 13:18:38,421 INFO Thread-1 iplatform.batch.ModelRunner - ---> minute event triggered by simplatform clock: currentTickNumber: 10800 tickTimeDuration: 100
2016-04-26 13:18:38,421 INFO Thread-1 cs.entities.stats.PerformanceMonitor - Generating MonitEvent, currentTickNumber: 10800 tickTimeDuration: 100
2016-04-26 13:18:38,447 INFO Thread-1 iplatform.batch.ModelRunner - ---> minute event triggered by simplatform clock: currentTickNumber: 11400 tickTimeDuration: 100
2016-04-26 13:18:38,447 INFO Thread-1 cs.entities.stats.PerformanceMonitor - Generating MonitEvent, currentTickNumber: 11400 tickTimeDuration: 100
2016-04-26 13:18:38,480 INFO Thread-1 iplatform.batch.ModelRunner - ---> minute event triggered by simplatform clock: currentTickNumber: 12000 tickTimeDuration: 100
2016-04-26 13:18:38,481 INFO Thread-1 cs.entities.stats.PerformanceMonitor - Generating MonitEvent, currentTickNumber: 12000 tickTimeDuration: 100
2016-04-26 13:18:38,506 INFO Thread-1 iplatform.batch.ModelRunner - ---> minute event triggered by simplatform clock: currentTickNumber: 12600 tickTimeDuration: 100
2016-04-26 13:18:38,507 INFO Thread-1 cs.entities.stats.PerformanceMonitor - Generating MonitEvent, currentTickNumber: 12600 tickTimeDuration: 100
2016-04-26 13:18:38,529 INFO Thread-1 iplatform.batch.ModelRunner - ---> minute event triggered by simplatform clock: currentTickNumber: 13200 tickTimeDuration: 100
2016-04-26 13:18:38,529 INFO Thread-1 cs.entities.stats.PerformanceMonitor - Generating MonitEvent, currentTickNumber: 13200 tickTimeDuration: 100
2016-04-26 13:18:38,552 INFO Thread-1 iplatform.batch.ModelRunner - ---> minute event triggered by simplatform clock: currentTickNumber: 13800 tickTimeDuration: 100
2016-04-26 13:18:38,553 INFO Thread-1 cs.entities.stats.PerformanceMonitor - Generating MonitEvent, currentTickNumber: 13800 tickTimeDuration: 100
2016-04-26 13:18:38,571 INFO Thread-1 iplatform.batch.ModelRunner - ---> minute event triggered by simplatform clock: currentTickNumber: 14400 tickTimeDuration: 100
2016-04-26 13:18:38,571 INFO Thread-1 cs.entities.stats.PerformanceMonitor - Generating MonitEvent, currentTickNumber: 14400 tickTimeDuration: 100
2016-04-26 13:18:38,592 INFO Thread-1 iplatform.batch.ModelRunner - ---> minute event triggered by simplatform clock: currentTickNumber: 15000 tickTimeDuration: 100
2016-04-26 13:18:38,592 INFO Thread-1 cs.entities.stats.PerformanceMonitor - Generating MonitEvent, currentTickNumber: 15000 tickTimeDuration: 100
2016-04-26 13:18:38,606 INFO Thread-1 iplatform.batch.ModelRunner - ---> minute event triggered by simplatform clock: currentTickNumber: 15600 tickTimeDuration: 100
2016-04-26 13:18:38,607 INFO Thread-1 cs.entities.stats.PerformanceMonitor - Generating MonitEvent, currentTickNumber: 15600 tickTimeDuration: 100
2016-04-26 13:18:38,625 INFO Thread-1 iplatform.batch.ModelRunner - ---> minute event triggered by simplatform clock: currentTickNumber: 16200 tickTimeDuration: 100
2016-04-26 13:18:38,625 INFO Thread-1 cs.entities.stats.PerformanceMonitor - Generating MonitEvent, currentTickNumber: 16200 tickTimeDuration: 100
2016-04-26 13:18:38,643 INFO Thread-1 iplatform.batch.ModelRunner - ---> minute event triggered by simplatform clock: currentTickNumber: 16800 tickTimeDuration: 100
2016-04-26 13:18:38,644 INFO Thread-1 cs.entities.stats.PerformanceMonitor - Generating MonitEvent, currentTickNumber: 16800 tickTimeDuration: 100
2016-04-26 13:18:38,655 INFO Thread-1 iplatform.batch.ModelRunner - ---> minute event triggered by simplatform clock: currentTickNumber: 17400 tickTimeDuration: 100
2016-04-26 13:18:38,656 INFO Thread-1 cs.entities.stats.PerformanceMonitor - Generating MonitEvent, currentTickNumber: 17400 tickTimeDuration: 100
2016-04-26 13:18:38,668 INFO Thread-1 iplatform.batch.ModelRunner - ---> minute event triggered by simplatform clock: currentTickNumber: 18000 tickTimeDuration: 100
2016-04-26 13:18:38,668 INFO Thread-1 cs.entities.stats.PerformanceMonitor - Generating MonitEvent, currentTickNumber: 18000 tickTimeDuration: 100
2016-04-26 13:18:38,689 INFO Thread-1 iplatform.batch.ModelRunner - ---> minute event triggered by simplatform clock: currentTickNumber: 18600 tickTimeDuration: 100
2016-04-26 13:18:38,690 INFO Thread-1 cs.entities.stats.PerformanceMonitor - Generating MonitEvent, currentTickNumber: 18600 tickTimeDuration: 100
2016-04-26 13:18:38,705 INFO Thread-1 iplatform.batch.ModelRunner - ---> minute event triggered by simplatform clock: currentTickNumber: 19200 tickTimeDuration: 100
2016-04-26 13:18:38,705 INFO Thread-1 cs.entities.stats.PerformanceMonitor - Generating MonitEvent, currentTickNumber: 19200 tickTimeDuration: 100
2016-04-26 13:18:38,719 INFO Thread-1 iplatform.batch.ModelRunner - ---> minute event triggered by simplatform clock: currentTickNumber: 19800 tickTimeDuration: 100
2016-04-26 13:18:38,720 INFO Thread-1 cs.entities.stats.PerformanceMonitor - Generating MonitEvent, currentTickNumber: 19800 tickTimeDuration: 100
2016-04-26 13:18:38,737 INFO Thread-1 iplatform.batch.ModelRunner - ---> minute event triggered by simplatform clock: currentTickNumber: 20400 tickTimeDuration: 100
2016-04-26 13:18:38,737 INFO Thread-1 cs.entities.stats.PerformanceMonitor - Generating MonitEvent, currentTickNumber: 20400 tickTimeDuration: 100
2016-04-26 13:18:38,753 INFO Thread-1 iplatform.batch.ModelRunner - ---> minute event triggered by simplatform clock: currentTickNumber: 21000 tickTimeDuration: 100
2016-04-26 13:18:38,754 INFO Thread-1 cs.entities.stats.PerformanceMonitor - Generating MonitEvent, currentTickNumber: 21000 tickTimeDuration: 100
2016-04-26 13:18:38,775 INFO Thread-1 iplatform.batch.ModelRunner - ---> minute event triggered by simplatform clock: currentTickNumber: 21600 tickTimeDuration: 100
2016-04-26 13:18:38,776 INFO Thread-1 cs.entities.stats.PerformanceMonitor - Generating MonitEvent, currentTickNumber: 21600 tickTimeDuration: 100
2016-04-26 13:18:38,797 INFO Thread-1 iplatform.batch.ModelRunner - ---> minute event triggered by simplatform clock: currentTickNumber: 22200 tickTimeDuration: 100
2016-04-26 13:18:38,797 INFO Thread-1 cs.entities.stats.PerformanceMonitor - Generating MonitEvent, currentTickNumber: 22200 tickTimeDuration: 100
2016-04-26 13:18:38,820 INFO Thread-1 iplatform.batch.ModelRunner - ---> minute event triggered by simplatform clock: currentTickNumber: 22800 tickTimeDuration: 100
2016-04-26 13:18:38,821 INFO Thread-1 cs.entities.stats.PerformanceMonitor - Generating MonitEvent, currentTickNumber: 22800 tickTimeDuration: 100
2016-04-26 13:18:38,847 INFO Thread-1 iplatform.batch.ModelRunner - ---> minute event triggered by simplatform clock: currentTickNumber: 23400 tickTimeDuration: 100
2016-04-26 13:18:38,848 INFO Thread-1 cs.entities.stats.PerformanceMonitor - Generating MonitEvent, currentTickNumber: 23400 tickTimeDuration: 100
2016-04-26 13:18:38,874 INFO Thread-1 iplatform.batch.ModelRunner - ---> minute event triggered by simplatform clock: currentTickNumber: 24000 tickTimeDuration: 100
2016-04-26 13:18:38,875 INFO Thread-1 cs.entities.stats.PerformanceMonitor - Generating MonitEvent, currentTickNumber: 24000 tickTimeDuration: 100
2016-04-26 13:18:38,903 INFO Thread-1 iplatform.batch.ModelRunner - ---> minute event triggered by simplatform clock: currentTickNumber: 24600 tickTimeDuration: 100
2016-04-26 13:18:38,903 INFO Thread-1 cs.entities.stats.PerformanceMonitor - Generating MonitEvent, currentTickNumber: 24600 tickTimeDuration: 100
2016-04-26 13:18:38,932 INFO Thread-1 iplatform.batch.ModelRunner - ---> minute event triggered by simplatform clock: currentTickNumber: 25200 tickTimeDuration: 100
2016-04-26 13:18:38,933 INFO Thread-1 cs.entities.stats.PerformanceMonitor - Generating MonitEvent, currentTickNumber: 25200 tickTimeDuration: 100
2016-04-26 13:18:38,981 INFO Thread-1 iplatform.batch.ModelRunner - ---> minute event triggered by simplatform clock: currentTickNumber: 25800 tickTimeDuration: 100
2016-04-26 13:18:38,981 INFO Thread-1 cs.entities.stats.PerformanceMonitor - Generating MonitEvent, currentTickNumber: 25800 tickTimeDuration: 100
2016-04-26 13:18:39,002 INFO Thread-1 iplatform.batch.ModelRunner - ---> minute event triggered by simplatform clock: currentTickNumber: 26400 tickTimeDuration: 100
2016-04-26 13:18:39,003 INFO Thread-1 cs.entities.stats.PerformanceMonitor - Generating MonitEvent, currentTickNumber: 26400 tickTimeDuration: 100
2016-04-26 13:18:39,029 INFO Thread-1 iplatform.batch.ModelRunner - ---> minute event triggered by simplatform clock: currentTickNumber: 27000 tickTimeDuration: 100
2016-04-26 13:18:39,029 INFO Thread-1 cs.entities.stats.PerformanceMonitor - Generating MonitEvent, currentTickNumber: 27000 tickTimeDuration: 100
2016-04-26 13:18:39,050 INFO Thread-1 iplatform.batch.ModelRunner - ---> minute event triggered by simplatform clock: currentTickNumber: 27600 tickTimeDuration: 100
2016-04-26 13:18:39,050 INFO Thread-1 cs.entities.stats.PerformanceMonitor - Generating MonitEvent, currentTickNumber: 27600 tickTimeDuration: 100
2016-04-26 13:18:39,074 INFO Thread-1 iplatform.batch.ModelRunner - ---> minute event triggered by simplatform clock: currentTickNumber: 28200 tickTimeDuration: 100
2016-04-26 13:18:39,075 INFO Thread-1 cs.entities.stats.PerformanceMonitor - Generating MonitEvent, currentTickNumber: 28200 tickTimeDuration: 100
2016-04-26 13:18:39,101 INFO Thread-1 iplatform.batch.ModelRunner - ---> minute event triggered by simplatform clock: currentTickNumber: 28800 tickTimeDuration: 100
2016-04-26 13:18:39,102 INFO Thread-1 cs.entities.stats.PerformanceMonitor - Generating MonitEvent, currentTickNumber: 28800 tickTimeDuration: 100
2016-04-26 13:18:39,122 INFO Thread-1 iplatform.batch.ModelRunner - ---> minute event triggered by simplatform clock: currentTickNumber: 29400 tickTimeDuration: 100
2016-04-26 13:18:39,122 INFO Thread-1 cs.entities.stats.PerformanceMonitor - Generating MonitEvent, currentTickNumber: 29400 tickTimeDuration: 100
2016-04-26 13:18:39,158 INFO Thread-1 iplatform.batch.ModelRunner - ---> minute event triggered by simplatform clock: currentTickNumber: 30000 tickTimeDuration: 100
2016-04-26 13:18:39,158 INFO Thread-1 cs.entities.stats.PerformanceMonitor - Generating MonitEvent, currentTickNumber: 30000 tickTimeDuration: 100
2016-04-26 13:18:39,182 INFO Thread-1 iplatform.batch.ModelRunner - ---> minute event triggered by simplatform clock: currentTickNumber: 30600 tickTimeDuration: 100
2016-04-26 13:18:39,183 INFO Thread-1 cs.entities.stats.PerformanceMonitor - Generating MonitEvent, currentTickNumber: 30600 tickTimeDuration: 100
2016-04-26 13:18:39,208 INFO Thread-1 iplatform.batch.ModelRunner - ---> minute event triggered by simplatform clock: currentTickNumber: 31200 tickTimeDuration: 100
2016-04-26 13:18:39,209 INFO Thread-1 cs.entities.stats.PerformanceMonitor - Generating MonitEvent, currentTickNumber: 31200 tickTimeDuration: 100
2016-04-26 13:18:39,233 INFO Thread-1 iplatform.batch.ModelRunner - ---> minute event triggered by simplatform clock: currentTickNumber: 31800 tickTimeDuration: 100
2016-04-26 13:18:39,233 INFO Thread-1 cs.entities.stats.PerformanceMonitor - Generating MonitEvent, currentTickNumber: 31800 tickTimeDuration: 100
2016-04-26 13:18:39,255 INFO Thread-1 iplatform.batch.ModelRunner - ---> minute event triggered by simplatform clock: currentTickNumber: 32400 tickTimeDuration: 100
2016-04-26 13:18:39,255 INFO Thread-1 cs.entities.stats.PerformanceMonitor - Generating MonitEvent, currentTickNumber: 32400 tickTimeDuration: 100
2016-04-26 13:18:39,276 INFO Thread-1 iplatform.batch.ModelRunner - ---> minute event triggered by simplatform clock: currentTickNumber: 33000 tickTimeDuration: 100
2016-04-26 13:18:39,277 INFO Thread-1 cs.entities.stats.PerformanceMonitor - Generating MonitEvent, currentTickNumber: 33000 tickTimeDuration: 100
2016-04-26 13:18:39,297 INFO Thread-1 iplatform.batch.ModelRunner - ---> minute event triggered by simplatform clock: currentTickNumber: 33600 tickTimeDuration: 100
2016-04-26 13:18:39,297 INFO Thread-1 cs.entities.stats.PerformanceMonitor - Generating MonitEvent, currentTickNumber: 33600 tickTimeDuration: 100
2016-04-26 13:18:39,322 INFO Thread-1 iplatform.batch.ModelRunner - ---> minute event triggered by simplatform clock: currentTickNumber: 34200 tickTimeDuration: 100
2016-04-26 13:18:39,323 INFO Thread-1 cs.entities.stats.PerformanceMonitor - Generating MonitEvent, currentTickNumber: 34200 tickTimeDuration: 100
2016-04-26 13:18:39,345 INFO Thread-1 iplatform.batch.ModelRunner - ---> minute event triggered by simplatform clock: currentTickNumber: 34800 tickTimeDuration: 100
2016-04-26 13:18:39,346 INFO Thread-1 cs.entities.stats.PerformanceMonitor - Generating MonitEvent, currentTickNumber: 34800 tickTimeDuration: 100
2016-04-26 13:18:39,361 INFO Thread-1 iplatform.batch.ModelRunner - ---> minute event triggered by simplatform clock: currentTickNumber: 35400 tickTimeDuration: 100
2016-04-26 13:18:39,362 INFO Thread-1 cs.entities.stats.PerformanceMonitor - Generating MonitEvent, currentTickNumber: 35400 tickTimeDuration: 100
2016-04-26 13:18:39,382 INFO Thread-1 iplatform.batch.ModelRunner - ---> minute event triggered by simplatform clock: currentTickNumber: 36000 tickTimeDuration: 100
2016-04-26 13:18:39,382 INFO Thread-1 cs.entities.stats.PerformanceMonitor - Generating MonitEvent, currentTickNumber: 36000 tickTimeDuration: 100
2016-04-26 13:18:39,382 INFO Thread-1 iplatform.batch.ModelRunner - stopping batch mode run as simulation end time condition was reached...
2016-04-26 13:18:39,383 INFO Thread-1 iplatform.batch.ModelRunner - ---> end simulation event triggered by simplatform clock...
2016-04-26 13:18:39,383 INFO Thread-1 iplatform.batch.ModelRunner - ============================== consumer stats ====================================
2016-04-26 13:18:39,383 INFO Thread-1 iplatform.batch.ModelRunner - Consumer stats at tick: 600 queued jobs: 136 completed jobs: 27
2016-04-26 13:18:39,383 INFO Thread-1 iplatform.batch.ModelRunner - Consumer stats at tick: 1200 queued jobs: 137 completed jobs: 22
2016-04-26 13:18:39,383 INFO Thread-1 iplatform.batch.ModelRunner - Consumer stats at tick: 1800 queued jobs: 140 completed jobs: 28
2016-04-26 13:18:39,384 INFO Thread-1 iplatform.batch.ModelRunner - Consumer stats at tick: 2400 queued jobs: 121 completed jobs: 26
2016-04-26 13:18:39,384 INFO Thread-1 iplatform.batch.ModelRunner - Consumer stats at tick: 3000 queued jobs: 137 completed jobs: 25
2016-04-26 13:18:39,384 INFO Thread-1 iplatform.batch.ModelRunner - Consumer stats at tick: 3600 queued jobs: 140 completed jobs: 30
2016-04-26 13:18:39,384 INFO Thread-1 iplatform.batch.ModelRunner - Consumer stats at tick: 4200 queued jobs: 129 completed jobs: 28
2016-04-26 13:18:39,384 INFO Thread-1 iplatform.batch.ModelRunner - Consumer stats at tick: 4800 queued jobs: 103 completed jobs: 21
2016-04-26 13:18:39,385 INFO Thread-1 iplatform.batch.ModelRunner - Consumer stats at tick: 5400 queued jobs: 158 completed jobs: 20
2016-04-26 13:18:39,385 INFO Thread-1 iplatform.batch.ModelRunner - Consumer stats at tick: 6000 queued jobs: 133 completed jobs: 22
2016-04-26 13:18:39,385 INFO Thread-1 iplatform.batch.ModelRunner - Consumer stats at tick: 6600 queued jobs: 143 completed jobs: 27
2016-04-26 13:18:39,386 INFO Thread-1 iplatform.batch.ModelRunner - Consumer stats at tick: 7200 queued jobs: 124 completed jobs: 25
2016-04-26 13:18:39,386 INFO Thread-1 iplatform.batch.ModelRunner - Consumer stats at tick: 7800 queued jobs: 140 completed jobs: 27
2016-04-26 13:18:39,386 INFO Thread-1 iplatform.batch.ModelRunner - Consumer stats at tick: 8400 queued jobs: 133 completed jobs: 31
2016-04-26 13:18:39,387 INFO Thread-1 iplatform.batch.ModelRunner - Consumer stats at tick: 9000 queued jobs: 150 completed jobs: 29
2016-04-26 13:18:39,387 INFO Thread-1 iplatform.batch.ModelRunner - Consumer stats at tick: 9600 queued jobs: 120 completed jobs: 27
2016-04-26 13:18:39,387 INFO Thread-1 iplatform.batch.ModelRunner - Consumer stats at tick: 10200 queued jobs: 150 completed jobs: 30
2016-04-26 13:18:39,387 INFO Thread-1 iplatform.batch.ModelRunner - Consumer stats at tick: 10800 queued jobs: 120 completed jobs: 24
2016-04-26 13:18:39,388 INFO Thread-1 iplatform.batch.ModelRunner - Consumer stats at tick: 11400 queued jobs: 145 completed jobs: 26
2016-04-26 13:18:39,388 INFO Thread-1 iplatform.batch.ModelRunner - Consumer stats at tick: 12000 queued jobs: 117 completed jobs: 19
2016-04-26 13:18:39,388 INFO Thread-1 iplatform.batch.ModelRunner - Consumer stats at tick: 12600 queued jobs: 129 completed jobs: 31
2016-04-26 13:18:39,389 INFO Thread-1 iplatform.batch.ModelRunner - Consumer stats at tick: 13200 queued jobs: 136 completed jobs: 25
2016-04-26 13:18:39,389 INFO Thread-1 iplatform.batch.ModelRunner - Consumer stats at tick: 13800 queued jobs: 134 completed jobs: 25
2016-04-26 13:18:39,389 INFO Thread-1 iplatform.batch.ModelRunner - Consumer stats at tick: 14400 queued jobs: 138 completed jobs: 24
2016-04-26 13:18:39,390 INFO Thread-1 iplatform.batch.ModelRunner - Consumer stats at tick: 15000 queued jobs: 149 completed jobs: 29
2016-04-26 13:18:39,390 INFO Thread-1 iplatform.batch.ModelRunner - Consumer stats at tick: 15600 queued jobs: 108 completed jobs: 22
2016-04-26 13:18:39,390 INFO Thread-1 iplatform.batch.ModelRunner - Consumer stats at tick: 16200 queued jobs: 146 completed jobs: 25
2016-04-26 13:18:39,391 INFO Thread-1 iplatform.batch.ModelRunner - Consumer stats at tick: 16800 queued jobs: 130 completed jobs: 21
2016-04-26 13:18:39,391 INFO Thread-1 iplatform.batch.ModelRunner - Consumer stats at tick: 17400 queued jobs: 128 completed jobs: 26
2016-04-26 13:18:39,391 INFO Thread-1 iplatform.batch.ModelRunner - Consumer stats at tick: 18000 queued jobs: 140 completed jobs: 26
2016-04-26 13:18:39,391 INFO Thread-1 iplatform.batch.ModelRunner - Consumer stats at tick: 18600 queued jobs: 141 completed jobs: 21
2016-04-26 13:18:39,392 INFO Thread-1 iplatform.batch.ModelRunner - Consumer stats at tick: 19200 queued jobs: 124 completed jobs: 30
2016-04-26 13:18:39,392 INFO Thread-1 iplatform.batch.ModelRunner - Consumer stats at tick: 19800 queued jobs: 124 completed jobs: 22
2016-04-26 13:18:39,392 INFO Thread-1 iplatform.batch.ModelRunner - Consumer stats at tick: 20400 queued jobs: 138 completed jobs: 26
2016-04-26 13:18:39,393 INFO Thread-1 iplatform.batch.ModelRunner - Consumer stats at tick: 21000 queued jobs: 124 completed jobs: 22
2016-04-26 13:18:39,393 INFO Thread-1 iplatform.batch.ModelRunner - Consumer stats at tick: 21600 queued jobs: 132 completed jobs: 19
2016-04-26 13:18:39,393 INFO Thread-1 iplatform.batch.ModelRunner - Consumer stats at tick: 22200 queued jobs: 135 completed jobs: 27
2016-04-26 13:18:39,393 INFO Thread-1 iplatform.batch.ModelRunner - Consumer stats at tick: 22800 queued jobs: 137 completed jobs: 27
2016-04-26 13:18:39,394 INFO Thread-1 iplatform.batch.ModelRunner - Consumer stats at tick: 23400 queued jobs: 157 completed jobs: 27
2016-04-26 13:18:39,394 INFO Thread-1 iplatform.batch.ModelRunner - Consumer stats at tick: 24000 queued jobs: 139 completed jobs: 26
2016-04-26 13:18:39,394 INFO Thread-1 iplatform.batch.ModelRunner - Consumer stats at tick: 24600 queued jobs: 126 completed jobs: 20
2016-04-26 13:18:39,394 INFO Thread-1 iplatform.batch.ModelRunner - Consumer stats at tick: 25200 queued jobs: 130 completed jobs: 27
2016-04-26 13:18:39,394 INFO Thread-1 iplatform.batch.ModelRunner - Consumer stats at tick: 25800 queued jobs: 130 completed jobs: 24
2016-04-26 13:18:39,394 INFO Thread-1 iplatform.batch.ModelRunner - Consumer stats at tick: 26400 queued jobs: 129 completed jobs: 25
2016-04-26 13:18:39,395 INFO Thread-1 iplatform.batch.ModelRunner - Consumer stats at tick: 27000 queued jobs: 119 completed jobs: 25
2016-04-26 13:18:39,395 INFO Thread-1 iplatform.batch.ModelRunner - Consumer stats at tick: 27600 queued jobs: 123 completed jobs: 26
2016-04-26 13:18:39,395 INFO Thread-1 iplatform.batch.ModelRunner - Consumer stats at tick: 28200 queued jobs: 138 completed jobs: 24
2016-04-26 13:18:39,395 INFO Thread-1 iplatform.batch.ModelRunner - Consumer stats at tick: 28800 queued jobs: 131 completed jobs: 24
2016-04-26 13:18:39,395 INFO Thread-1 iplatform.batch.ModelRunner - Consumer stats at tick: 29400 queued jobs: 119 completed jobs: 23
2016-04-26 13:18:39,396 INFO Thread-1 iplatform.batch.ModelRunner - Consumer stats at tick: 30000 queued jobs: 135 completed jobs: 22
2016-04-26 13:18:39,396 INFO Thread-1 iplatform.batch.ModelRunner - Consumer stats at tick: 30600 queued jobs: 122 completed jobs: 24
2016-04-26 13:18:39,396 INFO Thread-1 iplatform.batch.ModelRunner - Consumer stats at tick: 31200 queued jobs: 140 completed jobs: 24
2016-04-26 13:18:39,396 INFO Thread-1 iplatform.batch.ModelRunner - Consumer stats at tick: 31800 queued jobs: 130 completed jobs: 25
2016-04-26 13:18:39,396 INFO Thread-1 iplatform.batch.ModelRunner - Consumer stats at tick: 32400 queued jobs: 139 completed jobs: 27
2016-04-26 13:18:39,397 INFO Thread-1 iplatform.batch.ModelRunner - Consumer stats at tick: 33000 queued jobs: 124 completed jobs: 28
2016-04-26 13:18:39,397 INFO Thread-1 iplatform.batch.ModelRunner - Consumer stats at tick: 33600 queued jobs: 109 completed jobs: 20
2016-04-26 13:18:39,397 INFO Thread-1 iplatform.batch.ModelRunner - Consumer stats at tick: 34200 queued jobs: 145 completed jobs: 21
2016-04-26 13:18:39,397 INFO Thread-1 iplatform.batch.ModelRunner - Consumer stats at tick: 34800 queued jobs: 130 completed jobs: 25
2016-04-26 13:18:39,397 INFO Thread-1 iplatform.batch.ModelRunner - Consumer stats at tick: 35400 queued jobs: 123 completed jobs: 24
2016-04-26 13:18:39,398 INFO Thread-1 iplatform.batch.ModelRunner - Consumer stats at tick: 36000 queued jobs: 160 completed jobs: 32
2016-04-26 13:18:39,399 INFO Thread-1 cs.dataexport.ExportManager - export manager initialised...
2016-04-26 13:18:39,400 INFO Thread-1 cs.dataexport.ExportManager - verifying if results folder exists...
2016-04-26 13:18:39,400 INFO Thread-1 cs.dataexport.ExportManager - verifying if results folder exists...
2016-04-26 13:18:39,400 INFO Thread-1 cs.dataexport.ExportManager - creating export directory: /home/balrog/repos/CloudSim/bin/results/DefaultModelConfigurationTemplate/2016-04-26-13-18-39
2016-04-26 13:18:39,401 INFO Thread-1 cs.dataexport.ExportManager - export path is: /home/balrog/repos/CloudSim/bin/results/DefaultModelConfigurationTemplate/2016-04-26-13-18-39
2016-04-26 13:18:39,401 INFO Thread-1 cs.dataexport.ExportManager - copying file: outputServiceModelPerformance.log to following location (in bin directory: /home/balrog/repos/CloudSim/bin/results/DefaultModelConfigurationTemplate/2016-04-26-13-18-39/outputServiceModelPerformance.log
2016-04-26 13:18:39,402 INFO Thread-1 cs.dataexport.ExportManager - >> ModelRunner class execution path is: /home/balrog/repos/CloudSim
2016-04-26 13:18:39,402 INFO Thread-1 cs.dataexport.ExportManager - >> bin dir path is: /home/balrog/repos/bin
2016-04-26 13:18:39,403 ERROR Thread-1 cs.dataexport.ExportManager - java.lang.IllegalArgumentException: Delete: no such file or directory: /home/balrog/repos/bin/outputServiceModelPerformance.log
2016-04-26 13:18:39,403 INFO Thread-1 cs.dataexport.ExportManager - copying file: outputModelLogs.log to following location (in bin directory: /home/balrog/repos/CloudSim/bin/results/DefaultModelConfigurationTemplate/2016-04-26-13-18-39/outputModelLogs.log
